<?xml version="1.0" encoding="UTF-8"?>
<testng-results ignored="0" total="1" passed="1" failed="0" skipped="0">
  <reporter-output>
  </reporter-output>
  <suite started-at="2020-03-06T12:41:32 AST" name="FirstClass" finished-at="2020-03-06T12:41:58 AST" duration-ms="25301">
    <groups>
    </groups>
    <test started-at="2020-03-06T12:41:32 AST" name="Command line test" finished-at="2020-03-06T12:41:58 AST" duration-ms="25301">
      <class name="FirstClass$ScrolDwon">
        <test-method signature="start()[pri:0, instance:FirstClass$ScrolDwon@1bd4fdd]" started-at="2020-03-06T12:41:32 AST" name="start" finished-at="2020-03-06T12:41:57 AST" duration-ms="24226" status="PASS">
          <reporter-output>
          </reporter-output>
        </test-method> <!-- start -->
        <test-method is-config="true" signature="teardown()[pri:0, instance:FirstClass$ScrolDwon@1bd4fdd]" started-at="2020-03-06T12:41:57 AST" name="teardown" finished-at="2020-03-06T12:41:58 AST" duration-ms="1038" status="PASS">
          <reporter-output>
          </reporter-output>
        </test-method> <!-- teardown -->
      </class> <!-- FirstClass$ScrolDwon -->
    </test> <!-- Command line test -->
  </suite> <!-- FirstClass -->
</testng-results>
